生成启动时间为 2016/4/9 20:51:21。
     1>项目“F:\study\vs2013项目\ConsoleApplication1\ConsoleApplication1\ConsoleApplication1.vcxproj”在节点 2 上(Build 个目标)。
     1>ClCompile:
         D:\Program Files (x86)\Microsoft Visual Studio 12.0\VC\bin\CL.exe /c /ZI /nologo /W3 /WX- /Od /Oy- /D WIN32 /D _DEBUG /D _CONSOLE /D _LIB /D _UNICODE /D UNICODE /Gm /EHsc /RTC1 /MDd /GS /fp:precise /Zc:wchar_t /Zc:forScope /Fo"Debug\\" /Fd"Debug\vc120.pdb" /Gd /TP /analyze- /errorReport:prompt "源.cpp"
         源.cpp
     1>f:\study\vs2013项目\consoleapplication1\consoleapplication1\源.cpp(58): warning C4305: “初始化”: 从“double”到“float”截断
     1>f:\study\vs2013项目\consoleapplication1\consoleapplication1\源.cpp(77): warning C4018: “<”: 有符号/无符号不匹配
     1>f:\study\vs2013项目\consoleapplication1\consoleapplication1\源.cpp(184): warning C4244: “参数”: 从“double”转换到“float”，可能丢失数据
     1>f:\study\vs2013项目\consoleapplication1\consoleapplication1\源.cpp(185): warning C4244: “+=”: 从“double”转换到“float”，可能丢失数据
     1>f:\study\vs2013项目\consoleapplication1\consoleapplication1\源.cpp(186): warning C4244: “+=”: 从“double”转换到“float”，可能丢失数据
     1>f:\study\vs2013项目\consoleapplication1\consoleapplication1\源.cpp(188): warning C4244: “参数”: 从“double”转换到“float”，可能丢失数据
     1>f:\study\vs2013项目\consoleapplication1\consoleapplication1\源.cpp(197): warning C4244: “=”: 从“float”转换到“int”，可能丢失数据
     1>f:\study\vs2013项目\consoleapplication1\consoleapplication1\源.cpp(198): warning C4244: “=”: 从“float”转换到“int”，可能丢失数据
     1>f:\study\vs2013项目\consoleapplication1\consoleapplication1\源.cpp(220): warning C4018: “<”: 有符号/无符号不匹配
     1>f:\study\vs2013项目\consoleapplication1\consoleapplication1\源.cpp(225): warning C4244: “初始化”: 从“int”转换到“float”，可能丢失数据
     1>f:\study\vs2013项目\consoleapplication1\consoleapplication1\源.cpp(226): warning C4018: “<”: 有符号/无符号不匹配
     1>f:\study\vs2013项目\consoleapplication1\consoleapplication1\源.cpp(249): warning C4244: “=”: 从“int”转换到“float”，可能丢失数据
     1>f:\study\vs2013项目\consoleapplication1\consoleapplication1\源.cpp(250): warning C4244: “=”: 从“int”转换到“float”，可能丢失数据
     1>f:\study\vs2013项目\consoleapplication1\consoleapplication1\源.cpp(253): warning C4244: “=”: 从“int”转换到“float”，可能丢失数据
     1>f:\study\vs2013项目\consoleapplication1\consoleapplication1\源.cpp(254): warning C4244: “=”: 从“int”转换到“float”，可能丢失数据
     1>f:\study\vs2013项目\consoleapplication1\consoleapplication1\源.cpp(258): warning C4244: “参数”: 从“float”转换到“int”，可能丢失数据
     1>f:\study\vs2013项目\consoleapplication1\consoleapplication1\源.cpp(262): warning C4244: “参数”: 从“float”转换到“int”，可能丢失数据
       Link:
         D:\Program Files (x86)\Microsoft Visual Studio 12.0\VC\bin\link.exe /ERRORREPORT:PROMPT /OUT:"F:\study\vs2013项目\ConsoleApplication1\Debug\ConsoleApplication1.exe" /INCREMENTAL /NOLOGO opencv_ml2412d.lib opencv_calib3d2412d.lib opencv_contrib2412d.lib opencv_core2412d.lib opencv_features2d2412d.lib opencv_flann2412d.lib opencv_gpu2412d.lib opencv_highgui2412d.lib opencv_imgproc2412d.lib opencv_legacy2412d.lib opencv_objdetect2412d.lib opencv_ts2412d.lib opencv_video2412d.lib opencv_nonfree2412d.lib opencv_ocl2412d.lib opencv_photo2412d.lib opencv_stitching2412d.lib opencv_superres2412d.lib opencv_videostab2412d.lib kernel32.lib user32.lib gdi32.lib winspool.lib comdlg32.lib advapi32.lib shell32.lib ole32.lib oleaut32.lib uuid.lib odbc32.lib odbccp32.lib /MANIFEST /MANIFESTUAC:"level='asInvoker' uiAccess='false'" /manifest:embed /DEBUG /PDB:"F:\study\vs2013项目\ConsoleApplication1\Debug\ConsoleApplication1.pdb" /SUBSYSTEM:CONSOLE /TLBID:1 /DYNAMICBASE /NXCOMPAT /IMPLIB:"F:\study\vs2013项目\ConsoleApplication1\Debug\ConsoleApplication1.lib" /MACHINE:X86 "Debug\源.obj"
         ConsoleApplication1.vcxproj -> F:\study\vs2013项目\ConsoleApplication1\Debug\ConsoleApplication1.exe
     1>已完成生成项目“F:\study\vs2013项目\ConsoleApplication1\ConsoleApplication1\ConsoleApplication1.vcxproj”(Build 个目标)的操作。

生成成功。

已用时间 00:00:02.81
